<?xml version="1.0" encoding="UTF-8"?>
<!-- Generated by org.testng.reporters.JUnitReportReporter -->
<testsuite skipped="0" hostname="IDI" name="com.AutomationExample.demoProject1.TestClass" tests="3" failures="0" timestamp="2020-11-16T19:49:35 CET" time="29.631" errors="0">
  <testcase name="Test2" time="10.277" classname="com.AutomationExample.demoProject1.TestClass"/>
  <system-out/>
  <testcase name="Test3" time="7.387" classname="com.AutomationExample.demoProject1.TestClass"/>
  <system-out/>
  <testcase name="Test1" time="11.967" classname="com.AutomationExample.demoProject1.TestClass"/>
  <system-out/>
</testsuite> <!-- com.AutomationExample.demoProject1.TestClass -->
